2022.11.03: 01:44:15 - Event - Start taking One SnapShot
2022.11.03: 01:44:15 - Error - Unknown error
2022.11.03: 01:44:15 - Error - Input/output error
2022.11.03: 01:44:15 - Error - Input/output error
2022.11.03: 01:44:15 - Error - Input/output error
2022.11.03: 01:44:15 - Error - Input/output error
2022.11.03: 01:44:15 - Error - Input/output error
2022.11.03: 01:44:15 - Error - Input/output error
2022.11.03: 01:44:15 - Error - Input/output error
2022.11.03: 01:44:15 - Error - Input/output error
2022.11.03: 01:44:15 - Error - Input/output error
2022.11.03: 01:44:15 - Error - Input/output error
2022.11.03: 01:44:15 - Error - Input/output error
2022.11.03: 01:44:15 - Error - Input/output error
2022.11.03: 01:44:15 - Error - Input/output error
2022.11.03: 01:44:15 - Error - Input/output error
2022.11.03: 01:44:15 - Error - Input/output error
2022.11.03: 01:44:15 - Error - Input/output error
2022.11.03: 01:44:15 - Error - Input/output error
2022.11.03: 01:44:15 - Error - Input/output error
2022.11.03: 01:44:15 - Error - Input/output error
2022.11.03: 01:44:15 - Error - Input/output error
2022.11.03: 01:44:15 - Error - Input/output error
2022.11.03: 01:44:15 - Error - Input/output error
2022.11.03: 01:44:15 - Error - Input/output error
2022.11.03: 01:44:15 - Error - Input/output error
2022.11.03: 01:44:15 - Error - Input/output error
2022.11.03: 01:44:15 - Error - Input/output error
2022.11.03: 01:44:15 - Error - Input/output error
2022.11.03: 01:44:15 - Error - Input/output error
2022.11.03: 01:44:15 - Error - Input/output error
2022.11.03: 01:44:15 - Error - Input/output error
2022.11.03: 01:44:15 - Error - Input/output error
2022.11.03: 01:44:15 - Error - Input/output error
2022.11.03: 01:44:15 - Error - Input/output error
2022.11.03: 01:44:15 - Error - Input/output error
2022.11.03: 01:44:15 - Error - Input/output error
2022.11.03: 01:44:15 - Error - Input/output error
2022.11.03: 01:44:15 - Error - Input/output error
2022.11.03: 01:44:15 - Error - Input/output error
2022.11.03: 01:44:15 - Error - Input/output error
2022.11.03: 01:44:15 - Error - Input/output error
2022.11.03: 01:44:15 - Error - Input/output error
2022.11.03: 01:44:15 - Error - Input/output error
2022.11.03: 01:44:15 - Error - Input/output error
2022.11.03: 01:44:15 - Error - Input/output error
2022.11.03: 01:44:15 - Error - Input/output error
2022.11.03: 01:44:15 - Error - Input/output error
2022.11.03: 01:44:15 - Error - Input/output error
2022.11.03: 01:44:15 - Error - Input/output error
2022.11.03: 01:44:15 - Error - Input/output error
2022.11.03: 01:44:15 - Error - Input/output error
2022.11.03: 01:44:15 - Error - Input/output error
2022.11.03: 01:44:15 - Error - Input/output error
2022.11.03: 01:44:15 - Error - Input/output error
2022.11.03: 01:44:15 - Error - Input/output error
2022.11.03: 01:44:15 - Error - Input/output error
2022.11.03: 01:44:15 - Error - Input/output error
2022.11.03: 01:44:15 - Error - Input/output error
2022.11.03: 01:44:15 - Error - Input/output error
2022.11.03: 01:44:15 - Error - Input/output error
2022.11.03: 01:44:15 - Error - Input/output error
2022.11.03: 01:44:15 - Error - Input/output error
2022.11.03: 01:44:15 - Error - Input/output error
2022.11.03: 01:44:15 - Error - Input/output error
2022.11.03: 01:44:15 - Error - Input/output error
2022.11.03: 01:44:15 - Error - Input/output error
2022.11.03: 01:44:15 - Error - Input/output error
2022.11.03: 01:44:15 - Error - Input/output error
2022.11.03: 01:44:15 - Error - Input/output error
2022.11.03: 01:44:15 - Error - Input/output error
2022.11.03: 01:44:15 - Error - Input/output error
2022.11.03: 01:44:15 - Error - Input/output error
2022.11.03: 01:44:15 - Error - Input/output error
2022.11.03: 01:44:15 - Error - Input/output error
2022.11.03: 01:44:15 - Error - Input/output error
2022.11.03: 01:44:15 - Error - Input/output error
2022.11.03: 01:44:15 - Error - Input/output error
2022.11.03: 01:44:15 - Error - Input/output error
2022.11.03: 01:44:15 - Error - Input/output error
2022.11.03: 01:44:15 - Error - Input/output error
2022.11.03: 01:44:15 - Error - Input/output error
2022.11.03: 01:44:15 - Error - Input/output error
2022.11.03: 01:44:15 - Error - Input/output error
2022.11.03: 01:44:15 - Error - Input/output error
2022.11.03: 01:44:15 - Error - Input/output error
2022.11.03: 01:44:15 - Error - Input/output error
2022.11.03: 01:44:15 - Error - Input/output error
2022.11.03: 01:44:15 - Error - Input/output error
2022.11.03: 01:44:15 - Error - Input/output error
2022.11.03: 01:44:15 - Error - Input/output error
2022.11.03: 01:44:15 - Error - Input/output error
2022.11.03: 01:44:15 - Error - Input/output error
2022.11.03: 01:44:15 - Error - Input/output error
2022.11.03: 01:44:15 - Error - Input/output error
2022.11.03: 01:44:15 - Error - Input/output error
2022.11.03: 01:44:15 - Error - Input/output error
2022.11.03: 01:44:15 - Error - Input/output error
2022.11.03: 01:44:15 - Error - Input/output error
2022.11.03: 01:44:15 - Error - Input/output error
2022.11.03: 01:44:15 - Error - Input/output error
2022.11.03: 01:44:15 - Error - Input/output error
2022.11.03: 01:44:15 - Error - Input/output error
2022.11.03: 01:44:15 - Error - Input/output error
2022.11.03: 01:44:15 - Error - Input/output error
2022.11.03: 01:44:15 - Error - Input/output error
2022.11.03: 01:44:15 - Error - Input/output error
2022.11.03: 01:44:15 - Error - Input/output error
2022.11.03: 01:44:15 - Error - Input/output error
2022.11.03: 01:44:15 - Error - Input/output error
2022.11.03: 01:44:15 - Error - Input/output error
2022.11.03: 01:44:15 - Error - Input/output error
2022.11.03: 01:44:15 - Error - Input/output error
2022.11.03: 01:44:15 - Error - Input/output error
2022.11.03: 01:44:15 - Error - Input/output error
2022.11.03: 01:44:15 - Error - Input/output error
2022.11.03: 01:44:15 - Error - Input/output error
2022.11.03: 01:44:15 - Error - Input/output error
2022.11.03: 01:44:15 - Error - Input/output error
2022.11.03: 01:44:15 - Error - Input/output error
2022.11.03: 01:44:15 - Error - Input/output error
2022.11.03: 01:44:15 - Error - Input/output error
2022.11.03: 01:44:16 - Error - Input/output error
2022.11.03: 01:44:16 - Error - Input/output error
2022.11.03: 01:44:16 - Error - Input/output error
2022.11.03: 01:44:16 - Error - Input/output error
2022.11.03: 01:44:16 - Error - Input/output error
2022.11.03: 01:44:16 - Error - Input/output error
2022.11.03: 01:44:16 - Error - Input/output error
2022.11.03: 01:44:16 - Error - Input/output error
2022.11.03: 01:44:16 - Error - Input/output error
2022.11.03: 01:44:16 - Error - Input/output error
2022.11.03: 01:44:16 - Error - Input/output error
2022.11.03: 01:44:16 - Error - Input/output error
2022.11.03: 01:44:16 - Error - Input/output error
2022.11.03: 01:44:16 - Error - Input/output error
2022.11.03: 01:44:16 - Error - Input/output error
2022.11.03: 01:44:16 - Error - Input/output error
2022.11.03: 01:44:16 - Error - Input/output error
2022.11.03: 01:44:16 - Error - Input/output error
2022.11.03: 01:44:16 - Error - Input/output error
2022.11.03: 01:44:16 - Error - Input/output error
2022.11.03: 01:44:16 - Error - Input/output error
2022.11.03: 01:44:16 - Error - Input/output error
2022.11.03: 01:44:16 - Error - Input/output error
2022.11.03: 01:44:16 - Error - Input/output error
2022.11.03: 01:44:16 - Error - Input/output error
2022.11.03: 01:44:16 - Event - Taking One SnapShot has finished
2022.11.03: 01:44:16 - Event - Start Bubble Sorting the linked list
2022.11.03: 01:44:16 - Event - Swap Process
2022.11.03: 01:44:16 - Event - End Bubble sorting the linked list
2022.11.03: 01:44:16 - Event - Start taking One SnapShot
2022.11.03: 01:44:16 - Error - Unknown error
2022.11.03: 01:44:16 - Error - Input/output error
2022.11.03: 01:44:16 - Error - Input/output error
2022.11.03: 01:44:16 - Error - Input/output error
2022.11.03: 01:44:16 - Error - Input/output error
2022.11.03: 01:44:16 - Error - Input/output error
2022.11.03: 01:44:16 - Error - Input/output error
2022.11.03: 01:44:16 - Error - Input/output error
2022.11.03: 01:44:16 - Error - Input/output error
2022.11.03: 01:44:16 - Error - Input/output error
2022.11.03: 01:44:16 - Error - Input/output error
2022.11.03: 01:44:16 - Error - Input/output error
2022.11.03: 01:44:16 - Error - Input/output error
2022.11.03: 01:44:16 - Error - Input/output error
2022.11.03: 01:44:16 - Error - Input/output error
2022.11.03: 01:44:16 - Error - Input/output error
2022.11.03: 01:44:16 - Error - Input/output error
2022.11.03: 01:44:16 - Error - Input/output error
2022.11.03: 01:44:16 - Error - Input/output error
2022.11.03: 01:44:16 - Error - Input/output error
2022.11.03: 01:44:16 - Error - Input/output error
2022.11.03: 01:44:16 - Error - Input/output error
2022.11.03: 01:44:16 - Error - Input/output error
2022.11.03: 01:44:16 - Error - Input/output error
2022.11.03: 01:44:16 - Error - Input/output error
2022.11.03: 01:44:16 - Error - Input/output error
2022.11.03: 01:44:16 - Error - Input/output error
2022.11.03: 01:44:16 - Error - Input/output error
2022.11.03: 01:44:16 - Error - Input/output error
2022.11.03: 01:44:16 - Error - Input/output error
2022.11.03: 01:44:16 - Error - Input/output error
2022.11.03: 01:44:16 - Error - Input/output error
2022.11.03: 01:44:16 - Error - Input/output error
2022.11.03: 01:44:16 - Error - Input/output error
2022.11.03: 01:44:16 - Error - Input/output error
2022.11.03: 01:44:16 - Error - Input/output error
2022.11.03: 01:44:16 - Error - Input/output error
2022.11.03: 01:44:16 - Error - Input/output error
2022.11.03: 01:44:16 - Error - Input/output error
2022.11.03: 01:44:16 - Error - Input/output error
2022.11.03: 01:44:16 - Error - Input/output error
2022.11.03: 01:44:16 - Error - Input/output error
2022.11.03: 01:44:16 - Error - Input/output error
2022.11.03: 01:44:16 - Error - Input/output error
2022.11.03: 01:44:16 - Error - Input/output error
2022.11.03: 01:44:16 - Error - Input/output error
2022.11.03: 01:44:16 - Error - Input/output error
2022.11.03: 01:44:16 - Error - Input/output error
2022.11.03: 01:44:16 - Error - Input/output error
2022.11.03: 01:44:16 - Error - Input/output error
2022.11.03: 01:44:16 - Error - Input/output error
2022.11.03: 01:44:16 - Error - Input/output error
2022.11.03: 01:44:16 - Error - Input/output error
2022.11.03: 01:44:16 - Error - Input/output error
2022.11.03: 01:44:16 - Error - Input/output error
2022.11.03: 01:44:16 - Error - Input/output error
2022.11.03: 01:44:16 - Error - Input/output error
2022.11.03: 01:44:16 - Error - Input/output error
2022.11.03: 01:44:16 - Error - Input/output error
2022.11.03: 01:44:16 - Error - Input/output error
2022.11.03: 01:44:16 - Error - Input/output error
2022.11.03: 01:44:16 - Error - Input/output error
2022.11.03: 01:44:16 - Error - Input/output error
2022.11.03: 01:44:16 - Error - Input/output error
2022.11.03: 01:44:16 - Error - Input/output error
2022.11.03: 01:44:16 - Error - Input/output error
2022.11.03: 01:44:16 - Error - Input/output error
2022.11.03: 01:44:16 - Error - Input/output error
2022.11.03: 01:44:16 - Error - Input/output error
2022.11.03: 01:44:16 - Error - Input/output error
2022.11.03: 01:44:16 - Error - Input/output error
2022.11.03: 01:44:16 - Error - Input/output error
2022.11.03: 01:44:16 - Error - Input/output error
2022.11.03: 01:44:16 - Error - Input/output error
2022.11.03: 01:44:16 - Error - Input/output error
2022.11.03: 01:44:16 - Error - Input/output error
2022.11.03: 01:44:16 - Error - Input/output error
2022.11.03: 01:44:16 - Error - Input/output error
2022.11.03: 01:44:16 - Error - Input/output error
2022.11.03: 01:44:16 - Error - Input/output error
2022.11.03: 01:44:16 - Error - Input/output error
2022.11.03: 01:44:16 - Error - Input/output error
2022.11.03: 01:44:16 - Error - Input/output error
2022.11.03: 01:44:16 - Error - Input/output error
2022.11.03: 01:44:16 - Error - Input/output error
2022.11.03: 01:44:16 - Error - Input/output error
2022.11.03: 01:44:16 - Error - Input/output error
2022.11.03: 01:44:16 - Error - Input/output error
2022.11.03: 01:44:16 - Error - Input/output error
2022.11.03: 01:44:16 - Error - Input/output error
2022.11.03: 01:44:16 - Error - Input/output error
2022.11.03: 01:44:16 - Error - Input/output error
2022.11.03: 01:44:16 - Error - Input/output error
2022.11.03: 01:44:16 - Error - Input/output error
2022.11.03: 01:44:16 - Error - Input/output error
2022.11.03: 01:44:16 - Error - Input/output error
2022.11.03: 01:44:16 - Error - Input/output error
2022.11.03: 01:44:16 - Error - Input/output error
2022.11.03: 01:44:16 - Error - Input/output error
2022.11.03: 01:44:16 - Error - Input/output error
2022.11.03: 01:44:16 - Error - Input/output error
2022.11.03: 01:44:16 - Error - Input/output error
2022.11.03: 01:44:16 - Error - Input/output error
2022.11.03: 01:44:16 - Error - Input/output error
2022.11.03: 01:44:16 - Error - Input/output error
2022.11.03: 01:44:16 - Error - Input/output error
2022.11.03: 01:44:16 - Error - Input/output error
2022.11.03: 01:44:16 - Error - Input/output error
2022.11.03: 01:44:16 - Error - Input/output error
2022.11.03: 01:44:16 - Error - Input/output error
2022.11.03: 01:44:16 - Error - Input/output error
2022.11.03: 01:44:16 - Error - Input/output error
2022.11.03: 01:44:16 - Error - Input/output error
2022.11.03: 01:44:16 - Error - Input/output error
2022.11.03: 01:44:16 - Error - Input/output error
2022.11.03: 01:44:16 - Error - Input/output error
2022.11.03: 01:44:16 - Error - Input/output error
2022.11.03: 01:44:16 - Error - Input/output error
2022.11.03: 01:44:16 - Error - Input/output error
2022.11.03: 01:44:16 - Error - Input/output error
2022.11.03: 01:44:16 - Error - Input/output error
2022.11.03: 01:44:16 - Error - Input/output error
2022.11.03: 01:44:16 - Error - Input/output error
2022.11.03: 01:44:16 - Error - Input/output error
2022.11.03: 01:44:17 - Error - Input/output error
2022.11.03: 01:44:17 - Error - Input/output error
2022.11.03: 01:44:17 - Error - Input/output error
2022.11.03: 01:44:17 - Error - Input/output error
2022.11.03: 01:44:17 - Error - Input/output error
2022.11.03: 01:44:17 - Error - Input/output error
2022.11.03: 01:44:17 - Error - Input/output error
2022.11.03: 01:44:17 - Error - Input/output error
2022.11.03: 01:44:17 - Error - Input/output error
2022.11.03: 01:44:17 - Error - Input/output error
2022.11.03: 01:44:17 - Error - Input/output error
2022.11.03: 01:44:17 - Error - Input/output error
2022.11.03: 01:44:17 - Error - Input/output error
2022.11.03: 01:44:17 - Error - Input/output error
2022.11.03: 01:44:17 - Error - Input/output error
2022.11.03: 01:44:17 - Error - Input/output error
2022.11.03: 01:44:17 - Error - Input/output error
2022.11.03: 01:44:17 - Error - Input/output error
2022.11.03: 01:44:17 - Error - Input/output error
2022.11.03: 01:44:17 - Error - Input/output error
2022.11.03: 01:44:17 - Error - Input/output error
2022.11.03: 01:44:17 - Error - Input/output error
2022.11.03: 01:44:17 - Event - Taking One SnapShot has finished
2022.11.03: 01:44:17 - Event - Start Bubble Sorting the linked list
2022.11.03: 01:44:17 - Event - Swap Process
2022.11.03: 01:44:17 - Event - End Bubble sorting the linked list
2022.11.03: 01:44:22 - Error - There are no existing SnapShots to save in the program
2022.11.03: 01:44:41 - Error - There are no existing SnapShots to save in the program
2022.11.03: 01:44:52 - Error - There are no existing SnapShots to save in the program
2022.11.03: 01:44:53 - Error - There are no existing SnapShots to save in the program
2022.11.03: 01:44:58 - Error - There are no existing SnapShots to save in the program
2022.11.03: 01:45:01 - Error - There are no existing SnapShots to save in the program
2022.11.03: 01:47:39 - Event - Exit the program
2022.11.03: 01:47:51 - Event - Start taking One SnapShot
2022.11.03: 01:47:51 - Error - Unknown error
2022.11.03: 01:47:51 - Error - Input/output error
2022.11.03: 01:47:51 - Error - Input/output error
2022.11.03: 01:47:51 - Error - Input/output error
2022.11.03: 01:47:51 - Error - Input/output error
2022.11.03: 01:47:51 - Error - Input/output error
2022.11.03: 01:47:51 - Error - Input/output error
2022.11.03: 01:47:51 - Error - Input/output error
2022.11.03: 01:47:51 - Error - Input/output error
2022.11.03: 01:47:51 - Error - Input/output error
2022.11.03: 01:47:51 - Error - Input/output error
2022.11.03: 01:47:51 - Error - Input/output error
2022.11.03: 01:47:51 - Error - Input/output error
2022.11.03: 01:47:51 - Error - Input/output error
2022.11.03: 01:47:51 - Error - Input/output error
2022.11.03: 01:47:51 - Error - Input/output error
2022.11.03: 01:47:51 - Error - Input/output error
2022.11.03: 01:47:51 - Error - Input/output error
2022.11.03: 01:47:51 - Error - Input/output error
2022.11.03: 01:47:51 - Error - Input/output error
2022.11.03: 01:47:51 - Error - Input/output error
2022.11.03: 01:47:51 - Error - Input/output error
2022.11.03: 01:47:51 - Error - Input/output error
2022.11.03: 01:47:51 - Error - Input/output error
2022.11.03: 01:47:51 - Error - Input/output error
2022.11.03: 01:47:51 - Error - Input/output error
2022.11.03: 01:47:51 - Error - Input/output error
2022.11.03: 01:47:51 - Error - Input/output error
2022.11.03: 01:47:51 - Error - Input/output error
2022.11.03: 01:47:51 - Error - Input/output error
2022.11.03: 01:47:51 - Error - Input/output error
2022.11.03: 01:47:51 - Error - Input/output error
2022.11.03: 01:47:51 - Error - Input/output error
2022.11.03: 01:47:51 - Error - Input/output error
2022.11.03: 01:47:51 - Error - Input/output error
2022.11.03: 01:47:51 - Error - Input/output error
2022.11.03: 01:47:51 - Error - Input/output error
2022.11.03: 01:47:51 - Error - Input/output error
2022.11.03: 01:47:51 - Error - Input/output error
2022.11.03: 01:47:51 - Error - Input/output error
2022.11.03: 01:47:51 - Error - Input/output error
2022.11.03: 01:47:51 - Error - Input/output error
2022.11.03: 01:47:51 - Error - Input/output error
2022.11.03: 01:47:51 - Error - Input/output error
2022.11.03: 01:47:51 - Error - Input/output error
2022.11.03: 01:47:51 - Error - Input/output error
2022.11.03: 01:47:51 - Error - Input/output error
2022.11.03: 01:47:51 - Error - Input/output error
2022.11.03: 01:47:51 - Error - Input/output error
2022.11.03: 01:47:51 - Error - Input/output error
2022.11.03: 01:47:51 - Error - Input/output error
2022.11.03: 01:47:51 - Error - Input/output error
2022.11.03: 01:47:51 - Error - Input/output error
2022.11.03: 01:47:51 - Error - Input/output error
2022.11.03: 01:47:51 - Error - Input/output error
2022.11.03: 01:47:51 - Error - Input/output error
2022.11.03: 01:47:51 - Error - Input/output error
2022.11.03: 01:47:51 - Error - Input/output error
2022.11.03: 01:47:51 - Error - Input/output error
2022.11.03: 01:47:51 - Error - Input/output error
2022.11.03: 01:47:51 - Error - Input/output error
2022.11.03: 01:47:51 - Error - Input/output error
2022.11.03: 01:47:51 - Error - Input/output error
2022.11.03: 01:47:51 - Error - Input/output error
2022.11.03: 01:47:51 - Error - Input/output error
2022.11.03: 01:47:51 - Error - Input/output error
2022.11.03: 01:47:51 - Error - Input/output error
2022.11.03: 01:47:51 - Error - Input/output error
2022.11.03: 01:47:51 - Error - Input/output error
2022.11.03: 01:47:51 - Error - Input/output error
2022.11.03: 01:47:51 - Error - Input/output error
2022.11.03: 01:47:51 - Error - Input/output error
2022.11.03: 01:47:51 - Error - Input/output error
2022.11.03: 01:47:51 - Error - Input/output error
2022.11.03: 01:47:51 - Error - Input/output error
2022.11.03: 01:47:51 - Error - Input/output error
2022.11.03: 01:47:51 - Error - Input/output error
2022.11.03: 01:47:51 - Error - Input/output error
2022.11.03: 01:47:51 - Error - Input/output error
2022.11.03: 01:47:51 - Error - Input/output error
2022.11.03: 01:47:51 - Error - Input/output error
2022.11.03: 01:47:51 - Error - Input/output error
2022.11.03: 01:47:51 - Error - Input/output error
2022.11.03: 01:47:51 - Error - Input/output error
2022.11.03: 01:47:51 - Error - Input/output error
2022.11.03: 01:47:51 - Error - Input/output error
2022.11.03: 01:47:51 - Error - Input/output error
2022.11.03: 01:47:51 - Error - Input/output error
2022.11.03: 01:47:51 - Error - Input/output error
2022.11.03: 01:47:51 - Error - Input/output error
2022.11.03: 01:47:51 - Error - Input/output error
2022.11.03: 01:47:51 - Error - Input/output error
2022.11.03: 01:47:51 - Error - Input/output error
2022.11.03: 01:47:51 - Error - Input/output error
2022.11.03: 01:47:51 - Error - Input/output error
2022.11.03: 01:47:51 - Error - Input/output error
2022.11.03: 01:47:51 - Error - Input/output error
2022.11.03: 01:47:51 - Error - Input/output error
2022.11.03: 01:47:51 - Error - Input/output error
2022.11.03: 01:47:51 - Error - Input/output error
2022.11.03: 01:47:51 - Error - Input/output error
2022.11.03: 01:47:51 - Error - Input/output error
2022.11.03: 01:47:51 - Error - Input/output error
2022.11.03: 01:47:51 - Error - Input/output error
2022.11.03: 01:47:51 - Error - Input/output error
2022.11.03: 01:47:51 - Error - Input/output error
2022.11.03: 01:47:51 - Error - Input/output error
2022.11.03: 01:47:51 - Error - Input/output error
2022.11.03: 01:47:51 - Error - Input/output error
2022.11.03: 01:47:51 - Error - Input/output error
2022.11.03: 01:47:51 - Error - Input/output error
2022.11.03: 01:47:51 - Error - Input/output error
2022.11.03: 01:47:51 - Error - Input/output error
2022.11.03: 01:47:51 - Error - Input/output error
2022.11.03: 01:47:51 - Error - Input/output error
2022.11.03: 01:47:51 - Error - Input/output error
2022.11.03: 01:47:51 - Error - Input/output error
2022.11.03: 01:47:51 - Error - Input/output error
2022.11.03: 01:47:51 - Error - Input/output error
2022.11.03: 01:47:51 - Error - Input/output error
2022.11.03: 01:47:51 - Error - Input/output error
2022.11.03: 01:47:52 - Error - Input/output error
2022.11.03: 01:47:52 - Error - Input/output error
2022.11.03: 01:47:52 - Error - Input/output error
2022.11.03: 01:47:52 - Error - Input/output error
2022.11.03: 01:47:52 - Error - Input/output error
2022.11.03: 01:47:52 - Error - Input/output error
2022.11.03: 01:47:52 - Error - Input/output error
2022.11.03: 01:47:52 - Error - Input/output error
2022.11.03: 01:47:52 - Error - Input/output error
2022.11.03: 01:47:52 - Error - Input/output error
2022.11.03: 01:47:52 - Error - Input/output error
2022.11.03: 01:47:52 - Error - Input/output error
2022.11.03: 01:47:52 - Error - Input/output error
2022.11.03: 01:47:52 - Error - Input/output error
2022.11.03: 01:47:52 - Error - Input/output error
2022.11.03: 01:47:52 - Error - Input/output error
2022.11.03: 01:47:52 - Error - Input/output error
2022.11.03: 01:47:52 - Error - Input/output error
2022.11.03: 01:47:52 - Error - Input/output error
2022.11.03: 01:47:52 - Error - Input/output error
2022.11.03: 01:47:52 - Error - Input/output error
2022.11.03: 01:47:52 - Error - Input/output error
2022.11.03: 01:47:52 - Error - Input/output error
2022.11.03: 01:47:52 - Error - Input/output error
2022.11.03: 01:47:52 - Error - Input/output error
2022.11.03: 01:47:52 - Event - Taking One SnapShot has finished
2022.11.03: 01:47:52 - Event - Start Bubble Sorting the linked list
2022.11.03: 01:47:52 - Event - Swap Process
2022.11.03: 01:47:52 - Event - End Bubble sorting the linked list
2022.11.03: 01:47:56 - Event - Start taking One SnapShot
2022.11.03: 01:47:56 - Error - Unknown error
2022.11.03: 01:47:56 - Error - Input/output error
2022.11.03: 01:47:56 - Error - Input/output error
2022.11.03: 01:47:56 - Error - Input/output error
2022.11.03: 01:47:56 - Error - Input/output error
2022.11.03: 01:47:56 - Error - Input/output error
2022.11.03: 01:47:56 - Error - Input/output error
2022.11.03: 01:47:56 - Error - Input/output error
2022.11.03: 01:47:56 - Error - Input/output error
2022.11.03: 01:47:56 - Error - Input/output error
2022.11.03: 01:47:56 - Error - Input/output error
2022.11.03: 01:47:56 - Error - Input/output error
2022.11.03: 01:47:56 - Error - Input/output error
2022.11.03: 01:47:56 - Error - Input/output error
2022.11.03: 01:47:56 - Error - Input/output error
2022.11.03: 01:47:56 - Error - Input/output error
2022.11.03: 01:47:56 - Error - Input/output error
2022.11.03: 01:47:56 - Error - Input/output error
2022.11.03: 01:47:56 - Error - Input/output error
2022.11.03: 01:47:56 - Error - Input/output error
2022.11.03: 01:47:56 - Error - Input/output error
2022.11.03: 01:47:56 - Error - Input/output error
2022.11.03: 01:47:56 - Error - Input/output error
2022.11.03: 01:47:56 - Error - Input/output error
2022.11.03: 01:47:56 - Error - Input/output error
2022.11.03: 01:47:56 - Error - Input/output error
2022.11.03: 01:47:56 - Error - Input/output error
2022.11.03: 01:47:56 - Error - Input/output error
2022.11.03: 01:47:56 - Error - Input/output error
2022.11.03: 01:47:56 - Error - Input/output error
2022.11.03: 01:47:56 - Error - Input/output error
2022.11.03: 01:47:56 - Error - Input/output error
2022.11.03: 01:47:56 - Error - Input/output error
2022.11.03: 01:47:56 - Error - Input/output error
2022.11.03: 01:47:56 - Error - Input/output error
2022.11.03: 01:47:56 - Error - Input/output error
2022.11.03: 01:47:56 - Error - Input/output error
2022.11.03: 01:47:56 - Error - Input/output error
2022.11.03: 01:47:56 - Error - Input/output error
2022.11.03: 01:47:56 - Error - Input/output error
2022.11.03: 01:47:56 - Error - Input/output error
2022.11.03: 01:47:56 - Error - Input/output error
2022.11.03: 01:47:56 - Error - Input/output error
2022.11.03: 01:47:56 - Error - Input/output error
2022.11.03: 01:47:56 - Error - Input/output error
2022.11.03: 01:47:56 - Error - Input/output error
2022.11.03: 01:47:56 - Error - Input/output error
2022.11.03: 01:47:56 - Error - Input/output error
2022.11.03: 01:47:56 - Error - Input/output error
2022.11.03: 01:47:56 - Error - Input/output error
2022.11.03: 01:47:56 - Error - Input/output error
2022.11.03: 01:47:56 - Error - Input/output error
2022.11.03: 01:47:56 - Error - Input/output error
2022.11.03: 01:47:56 - Error - Input/output error
2022.11.03: 01:47:56 - Error - Input/output error
2022.11.03: 01:47:56 - Error - Input/output error
2022.11.03: 01:47:56 - Error - Input/output error
2022.11.03: 01:47:56 - Error - Input/output error
2022.11.03: 01:47:56 - Error - Input/output error
2022.11.03: 01:47:56 - Error - Input/output error
2022.11.03: 01:47:56 - Error - Input/output error
2022.11.03: 01:47:56 - Error - Input/output error
2022.11.03: 01:47:56 - Error - Input/output error
2022.11.03: 01:47:56 - Error - Input/output error
2022.11.03: 01:47:56 - Error - Input/output error
2022.11.03: 01:47:56 - Error - Input/output error
2022.11.03: 01:47:56 - Error - Input/output error
2022.11.03: 01:47:56 - Error - Input/output error
2022.11.03: 01:47:56 - Error - Input/output error
2022.11.03: 01:47:56 - Error - Input/output error
2022.11.03: 01:47:56 - Error - Input/output error
2022.11.03: 01:47:56 - Error - Input/output error
2022.11.03: 01:47:56 - Error - Input/output error
2022.11.03: 01:47:56 - Error - Input/output error
2022.11.03: 01:47:56 - Error - Input/output error
2022.11.03: 01:47:56 - Error - Input/output error
2022.11.03: 01:47:56 - Error - Input/output error
2022.11.03: 01:47:56 - Error - Input/output error
2022.11.03: 01:47:56 - Error - Input/output error
2022.11.03: 01:47:56 - Error - Input/output error
2022.11.03: 01:47:56 - Error - Input/output error
2022.11.03: 01:47:56 - Error - Input/output error
2022.11.03: 01:47:56 - Error - Input/output error
2022.11.03: 01:47:56 - Error - Input/output error
2022.11.03: 01:47:56 - Error - Input/output error
2022.11.03: 01:47:56 - Error - Input/output error
2022.11.03: 01:47:56 - Error - Input/output error
2022.11.03: 01:47:56 - Error - Input/output error
2022.11.03: 01:47:56 - Error - Input/output error
2022.11.03: 01:47:56 - Error - Input/output error
2022.11.03: 01:47:56 - Error - Input/output error
2022.11.03: 01:47:56 - Error - Input/output error
2022.11.03: 01:47:56 - Error - Input/output error
2022.11.03: 01:47:56 - Error - Input/output error
2022.11.03: 01:47:56 - Error - Input/output error
2022.11.03: 01:47:56 - Error - Input/output error
2022.11.03: 01:47:56 - Error - Input/output error
2022.11.03: 01:47:56 - Error - Input/output error
2022.11.03: 01:47:56 - Error - Input/output error
2022.11.03: 01:47:56 - Error - Input/output error
2022.11.03: 01:47:56 - Error - Input/output error
2022.11.03: 01:47:56 - Error - Input/output error
2022.11.03: 01:47:56 - Error - Input/output error
2022.11.03: 01:47:56 - Error - Input/output error
2022.11.03: 01:47:56 - Error - Input/output error
2022.11.03: 01:47:56 - Error - Input/output error
2022.11.03: 01:47:56 - Error - Input/output error
2022.11.03: 01:47:56 - Error - Input/output error
2022.11.03: 01:47:56 - Error - Input/output error
2022.11.03: 01:47:56 - Error - Input/output error
2022.11.03: 01:47:56 - Error - Input/output error
2022.11.03: 01:47:56 - Error - Input/output error
2022.11.03: 01:47:56 - Error - Input/output error
2022.11.03: 01:47:56 - Error - Input/output error
2022.11.03: 01:47:56 - Error - Input/output error
2022.11.03: 01:47:56 - Error - Input/output error
2022.11.03: 01:47:56 - Error - Input/output error
2022.11.03: 01:47:56 - Error - Input/output error
2022.11.03: 01:47:56 - Error - Input/output error
2022.11.03: 01:47:56 - Error - Input/output error
2022.11.03: 01:47:56 - Error - Input/output error
2022.11.03: 01:47:56 - Error - Input/output error
2022.11.03: 01:47:56 - Error - Input/output error
2022.11.03: 01:47:56 - Error - Input/output error
2022.11.03: 01:47:56 - Error - Input/output error
2022.11.03: 01:47:56 - Error - Input/output error
2022.11.03: 01:47:56 - Error - Input/output error
2022.11.03: 01:47:56 - Error - Input/output error
2022.11.03: 01:47:56 - Error - Input/output error
2022.11.03: 01:47:56 - Error - Input/output error
2022.11.03: 01:47:56 - Error - Input/output error
2022.11.03: 01:47:56 - Error - Input/output error
2022.11.03: 01:47:56 - Error - Input/output error
2022.11.03: 01:47:56 - Error - Input/output error
2022.11.03: 01:47:56 - Error - Input/output error
2022.11.03: 01:47:56 - Error - Input/output error
2022.11.03: 01:47:56 - Error - Input/output error
2022.11.03: 01:47:56 - Error - Input/output error
2022.11.03: 01:47:56 - Error - Input/output error
2022.11.03: 01:47:56 - Error - Input/output error
2022.11.03: 01:47:56 - Error - Input/output error
2022.11.03: 01:47:57 - Error - Input/output error
2022.11.03: 01:47:57 - Error - Input/output error
2022.11.03: 01:47:57 - Error - Input/output error
2022.11.03: 01:47:57 - Error - Input/output error
2022.11.03: 01:47:57 - Error - Input/output error
2022.11.03: 01:47:57 - Event - Taking One SnapShot has finished
2022.11.03: 01:47:57 - Event - Start Bubble Sorting the linked list
2022.11.03: 01:47:57 - Event - Swap Process
2022.11.03: 01:47:57 - Event - End Bubble sorting the linked list
2022.11.03: 02:01:14 - Event - Start taking One SnapShot
2022.11.03: 02:01:14 - Error - Unknown error
2022.11.03: 02:01:14 - Error - Input/output error
2022.11.03: 02:01:14 - Error - Input/output error
2022.11.03: 02:01:14 - Error - Input/output error
2022.11.03: 02:01:14 - Error - Input/output error
2022.11.03: 02:01:14 - Error - Input/output error
2022.11.03: 02:01:14 - Error - Input/output error
2022.11.03: 02:01:14 - Error - Input/output error
2022.11.03: 02:01:14 - Error - Input/output error
2022.11.03: 02:01:14 - Error - Input/output error
2022.11.03: 02:01:14 - Error - Input/output error
2022.11.03: 02:01:14 - Error - Input/output error
2022.11.03: 02:01:14 - Error - Input/output error
2022.11.03: 02:01:14 - Error - Input/output error
2022.11.03: 02:01:14 - Error - Input/output error
2022.11.03: 02:01:14 - Error - Input/output error
2022.11.03: 02:01:14 - Error - Input/output error
2022.11.03: 02:01:14 - Error - Input/output error
2022.11.03: 02:01:14 - Error - Input/output error
2022.11.03: 02:01:14 - Error - Input/output error
2022.11.03: 02:01:14 - Error - Input/output error
2022.11.03: 02:01:14 - Error - Input/output error
2022.11.03: 02:01:14 - Error - Input/output error
2022.11.03: 02:01:14 - Error - Input/output error
2022.11.03: 02:01:14 - Error - Input/output error
2022.11.03: 02:01:14 - Error - Input/output error
2022.11.03: 02:01:14 - Error - Input/output error
2022.11.03: 02:01:14 - Error - Input/output error
2022.11.03: 02:01:14 - Error - Input/output error
2022.11.03: 02:01:14 - Error - Input/output error
2022.11.03: 02:01:14 - Error - Input/output error
2022.11.03: 02:01:14 - Error - Input/output error
2022.11.03: 02:01:14 - Error - Input/output error
2022.11.03: 02:01:14 - Error - Input/output error
2022.11.03: 02:01:14 - Error - Input/output error
2022.11.03: 02:01:14 - Error - Input/output error
2022.11.03: 02:01:14 - Error - Input/output error
2022.11.03: 02:01:14 - Error - Input/output error
2022.11.03: 02:01:14 - Error - Input/output error
2022.11.03: 02:01:14 - Error - Input/output error
2022.11.03: 02:01:14 - Error - Input/output error
2022.11.03: 02:01:14 - Error - Input/output error
2022.11.03: 02:01:14 - Error - Input/output error
2022.11.03: 02:01:14 - Error - Input/output error
2022.11.03: 02:01:14 - Error - Input/output error
2022.11.03: 02:01:14 - Error - Input/output error
2022.11.03: 02:01:14 - Error - Input/output error
2022.11.03: 02:01:14 - Error - Input/output error
2022.11.03: 02:01:14 - Error - Input/output error
2022.11.03: 02:01:14 - Error - Input/output error
2022.11.03: 02:01:14 - Error - Input/output error
2022.11.03: 02:01:14 - Error - Input/output error
2022.11.03: 02:01:14 - Error - Input/output error
2022.11.03: 02:01:14 - Error - Input/output error
2022.11.03: 02:01:14 - Error - Input/output error
2022.11.03: 02:01:14 - Error - Input/output error
2022.11.03: 02:01:14 - Error - Input/output error
2022.11.03: 02:01:14 - Error - Input/output error
2022.11.03: 02:01:14 - Error - Input/output error
2022.11.03: 02:01:14 - Error - Input/output error
2022.11.03: 02:01:14 - Error - Input/output error
2022.11.03: 02:01:14 - Error - Input/output error
2022.11.03: 02:01:14 - Error - Input/output error
2022.11.03: 02:01:14 - Error - Input/output error
2022.11.03: 02:01:14 - Error - Input/output error
2022.11.03: 02:01:14 - Error - Input/output error
2022.11.03: 02:01:14 - Error - Input/output error
2022.11.03: 02:01:14 - Error - Input/output error
2022.11.03: 02:01:14 - Error - Input/output error
2022.11.03: 02:01:14 - Error - Input/output error
2022.11.03: 02:01:14 - Error - Input/output error
2022.11.03: 02:01:14 - Error - Input/output error
2022.11.03: 02:01:14 - Error - Input/output error
2022.11.03: 02:01:14 - Error - Input/output error
2022.11.03: 02:01:14 - Error - Input/output error
2022.11.03: 02:01:14 - Error - Input/output error
2022.11.03: 02:01:14 - Error - Input/output error
2022.11.03: 02:01:14 - Error - Input/output error
2022.11.03: 02:01:14 - Error - Input/output error
2022.11.03: 02:01:14 - Error - Input/output error
2022.11.03: 02:01:14 - Error - Input/output error
2022.11.03: 02:01:14 - Error - Input/output error
2022.11.03: 02:01:14 - Error - Input/output error
2022.11.03: 02:01:14 - Error - Input/output error
2022.11.03: 02:01:14 - Error - Input/output error
2022.11.03: 02:01:14 - Error - Input/output error
2022.11.03: 02:01:14 - Error - Input/output error
2022.11.03: 02:01:14 - Error - Input/output error
2022.11.03: 02:01:14 - Error - Input/output error
2022.11.03: 02:01:14 - Error - Input/output error
2022.11.03: 02:01:14 - Error - Input/output error
2022.11.03: 02:01:14 - Error - Input/output error
2022.11.03: 02:01:14 - Error - Input/output error
2022.11.03: 02:01:14 - Error - Input/output error
2022.11.03: 02:01:14 - Error - Input/output error
2022.11.03: 02:01:14 - Error - Input/output error
2022.11.03: 02:01:14 - Error - Input/output error
2022.11.03: 02:01:14 - Error - Input/output error
2022.11.03: 02:01:14 - Error - Input/output error
2022.11.03: 02:01:14 - Error - Input/output error
2022.11.03: 02:01:14 - Error - Input/output error
2022.11.03: 02:01:14 - Error - Input/output error
2022.11.03: 02:01:14 - Error - Input/output error
2022.11.03: 02:01:14 - Error - Input/output error
2022.11.03: 02:01:14 - Error - Input/output error
2022.11.03: 02:01:14 - Error - Input/output error
2022.11.03: 02:01:14 - Error - Input/output error
2022.11.03: 02:01:14 - Error - Input/output error
2022.11.03: 02:01:14 - Error - Input/output error
2022.11.03: 02:01:14 - Error - Input/output error
2022.11.03: 02:01:14 - Error - Input/output error
2022.11.03: 02:01:14 - Error - Input/output error
2022.11.03: 02:01:14 - Error - Input/output error
2022.11.03: 02:01:14 - Error - Input/output error
2022.11.03: 02:01:14 - Error - Input/output error
2022.11.03: 02:01:14 - Error - Input/output error
2022.11.03: 02:01:14 - Error - Input/output error
2022.11.03: 02:01:14 - Error - Input/output error
2022.11.03: 02:01:14 - Error - Input/output error
2022.11.03: 02:01:14 - Error - Input/output error
2022.11.03: 02:01:14 - Error - Input/output error
2022.11.03: 02:01:14 - Error - Input/output error
2022.11.03: 02:01:14 - Error - Input/output error
2022.11.03: 02:01:14 - Error - Input/output error
2022.11.03: 02:01:14 - Error - Input/output error
2022.11.03: 02:01:14 - Error - Input/output error
2022.11.03: 02:01:14 - Error - Input/output error
2022.11.03: 02:01:14 - Error - Input/output error
2022.11.03: 02:01:14 - Error - Input/output error
2022.11.03: 02:01:14 - Error - Input/output error
2022.11.03: 02:01:14 - Error - Input/output error
2022.11.03: 02:01:14 - Error - Input/output error
2022.11.03: 02:01:14 - Error - Input/output error
2022.11.03: 02:01:14 - Error - Input/output error
2022.11.03: 02:01:14 - Error - Input/output error
2022.11.03: 02:01:14 - Error - Input/output error
2022.11.03: 02:01:14 - Error - Input/output error
2022.11.03: 02:01:14 - Error - Input/output error
2022.11.03: 02:01:14 - Error - Input/output error
2022.11.03: 02:01:14 - Error - Input/output error
2022.11.03: 02:01:14 - Error - Input/output error
2022.11.03: 02:01:14 - Error - Input/output error
2022.11.03: 02:01:14 - Error - Input/output error
2022.11.03: 02:01:14 - Error - Input/output error
2022.11.03: 02:01:15 - Error - Input/output error
2022.11.03: 02:01:15 - Error - Input/output error
2022.11.03: 02:01:15 - Event - Taking One SnapShot has finished
2022.11.03: 02:01:15 - Event - Start Bubble Sorting the linked list
2022.11.03: 02:01:15 - Event - Swap Process
2022.11.03: 02:01:15 - Event - End Bubble sorting the linked list
2022.11.03: 02:07:47 - Event - Start taking One SnapShot
2022.11.03: 02:07:47 - Error - Unknown error
2022.11.03: 02:07:47 - Error - Input/output error
2022.11.03: 02:07:47 - Error - Input/output error
2022.11.03: 02:07:47 - Error - Input/output error
2022.11.03: 02:07:47 - Error - Input/output error
2022.11.03: 02:07:47 - Error - Input/output error
2022.11.03: 02:07:47 - Error - Input/output error
2022.11.03: 02:07:47 - Error - Input/output error
2022.11.03: 02:07:47 - Error - Input/output error
2022.11.03: 02:07:47 - Error - Input/output error
2022.11.03: 02:07:47 - Error - Input/output error
2022.11.03: 02:07:47 - Error - Input/output error
2022.11.03: 02:07:47 - Error - Input/output error
2022.11.03: 02:07:47 - Error - Input/output error
2022.11.03: 02:07:47 - Error - Input/output error
2022.11.03: 02:07:47 - Error - Input/output error
2022.11.03: 02:07:47 - Error - Input/output error
2022.11.03: 02:07:47 - Error - Input/output error
2022.11.03: 02:07:47 - Error - Input/output error
2022.11.03: 02:07:47 - Error - Input/output error
2022.11.03: 02:07:47 - Error - Input/output error
2022.11.03: 02:07:47 - Error - Input/output error
2022.11.03: 02:07:47 - Error - Input/output error
2022.11.03: 02:07:47 - Error - Input/output error
2022.11.03: 02:07:47 - Error - Input/output error
2022.11.03: 02:07:47 - Error - Input/output error
2022.11.03: 02:07:47 - Error - Input/output error
2022.11.03: 02:07:47 - Error - Input/output error
2022.11.03: 02:07:47 - Error - Input/output error
2022.11.03: 02:07:47 - Error - Input/output error
2022.11.03: 02:07:47 - Error - Input/output error
2022.11.03: 02:07:47 - Error - Input/output error
2022.11.03: 02:07:47 - Error - Input/output error
2022.11.03: 02:07:47 - Error - Input/output error
2022.11.03: 02:07:47 - Error - Input/output error
2022.11.03: 02:07:47 - Error - Input/output error
2022.11.03: 02:07:47 - Error - Input/output error
2022.11.03: 02:07:47 - Error - Input/output error
2022.11.03: 02:07:47 - Error - Input/output error
2022.11.03: 02:07:47 - Error - Input/output error
2022.11.03: 02:07:47 - Error - Input/output error
2022.11.03: 02:07:47 - Error - Input/output error
2022.11.03: 02:07:47 - Error - Input/output error
2022.11.03: 02:07:47 - Error - Input/output error
2022.11.03: 02:07:47 - Error - Input/output error
2022.11.03: 02:07:47 - Error - Input/output error
2022.11.03: 02:07:47 - Error - Input/output error
2022.11.03: 02:07:47 - Error - Input/output error
2022.11.03: 02:07:47 - Error - Input/output error
2022.11.03: 02:07:47 - Error - Input/output error
2022.11.03: 02:07:47 - Error - Input/output error
2022.11.03: 02:07:47 - Error - Input/output error
2022.11.03: 02:07:47 - Error - Input/output error
2022.11.03: 02:07:47 - Error - Input/output error
2022.11.03: 02:07:47 - Error - Input/output error
2022.11.03: 02:07:47 - Error - Input/output error
2022.11.03: 02:07:47 - Error - Input/output error
2022.11.03: 02:07:47 - Error - Input/output error
2022.11.03: 02:07:47 - Error - Input/output error
2022.11.03: 02:07:47 - Error - Input/output error
2022.11.03: 02:07:47 - Error - Input/output error
2022.11.03: 02:07:47 - Error - Input/output error
2022.11.03: 02:07:47 - Error - Input/output error
2022.11.03: 02:07:47 - Error - Input/output error
2022.11.03: 02:07:47 - Error - Input/output error
2022.11.03: 02:07:47 - Error - Input/output error
2022.11.03: 02:07:47 - Error - Input/output error
2022.11.03: 02:07:47 - Error - Input/output error
2022.11.03: 02:07:47 - Error - Input/output error
2022.11.03: 02:07:47 - Error - Input/output error
2022.11.03: 02:07:47 - Error - Input/output error
2022.11.03: 02:07:47 - Error - Input/output error
2022.11.03: 02:07:47 - Error - Input/output error
2022.11.03: 02:07:47 - Error - Input/output error
2022.11.03: 02:07:47 - Error - Input/output error
2022.11.03: 02:07:47 - Error - Input/output error
2022.11.03: 02:07:47 - Error - Input/output error
2022.11.03: 02:07:47 - Error - Input/output error
2022.11.03: 02:07:47 - Error - Input/output error
2022.11.03: 02:07:47 - Error - Input/output error
2022.11.03: 02:07:47 - Error - Input/output error
2022.11.03: 02:07:47 - Error - Input/output error
2022.11.03: 02:07:47 - Error - Input/output error
2022.11.03: 02:07:47 - Error - Input/output error
2022.11.03: 02:07:47 - Error - Input/output error
2022.11.03: 02:07:47 - Error - Input/output error
2022.11.03: 02:07:47 - Error - Input/output error
2022.11.03: 02:07:47 - Error - Input/output error
2022.11.03: 02:07:47 - Error - Input/output error
2022.11.03: 02:07:47 - Error - Input/output error
2022.11.03: 02:07:47 - Error - Input/output error
2022.11.03: 02:07:47 - Error - Input/output error
2022.11.03: 02:07:47 - Error - Input/output error
2022.11.03: 02:07:47 - Error - Input/output error
2022.11.03: 02:07:47 - Error - Input/output error
2022.11.03: 02:07:47 - Error - Input/output error
2022.11.03: 02:07:47 - Error - Input/output error
2022.11.03: 02:07:47 - Error - Input/output error
2022.11.03: 02:07:47 - Error - Input/output error
2022.11.03: 02:07:47 - Error - Input/output error
2022.11.03: 02:07:47 - Error - Input/output error
2022.11.03: 02:07:47 - Error - Input/output error
2022.11.03: 02:07:47 - Error - Input/output error
2022.11.03: 02:07:47 - Error - Input/output error
2022.11.03: 02:07:47 - Error - Input/output error
2022.11.03: 02:07:47 - Error - Input/output error
2022.11.03: 02:07:47 - Error - Input/output error
2022.11.03: 02:07:47 - Error - Input/output error
2022.11.03: 02:07:47 - Error - Input/output error
2022.11.03: 02:07:47 - Error - Input/output error
2022.11.03: 02:07:47 - Error - Input/output error
2022.11.03: 02:07:47 - Error - Input/output error
2022.11.03: 02:07:47 - Error - Input/output error
2022.11.03: 02:07:47 - Error - Input/output error
2022.11.03: 02:07:47 - Error - Input/output error
2022.11.03: 02:07:47 - Error - Input/output error
2022.11.03: 02:07:47 - Error - Input/output error
2022.11.03: 02:07:47 - Error - Input/output error
2022.11.03: 02:07:47 - Error - Input/output error
2022.11.03: 02:07:47 - Error - Input/output error
2022.11.03: 02:07:47 - Error - Input/output error
2022.11.03: 02:07:47 - Error - Input/output error
2022.11.03: 02:07:47 - Error - Input/output error
2022.11.03: 02:07:47 - Error - Input/output error
2022.11.03: 02:07:47 - Error - Input/output error
2022.11.03: 02:07:47 - Error - Input/output error
2022.11.03: 02:07:47 - Error - Input/output error
2022.11.03: 02:07:47 - Error - Input/output error
2022.11.03: 02:07:47 - Error - Input/output error
2022.11.03: 02:07:47 - Error - Input/output error
2022.11.03: 02:07:47 - Error - Input/output error
2022.11.03: 02:07:47 - Error - Input/output error
2022.11.03: 02:07:47 - Error - Input/output error
2022.11.03: 02:07:47 - Error - Input/output error
2022.11.03: 02:07:47 - Error - Input/output error
2022.11.03: 02:07:47 - Error - Input/output error
2022.11.03: 02:07:47 - Error - Input/output error
2022.11.03: 02:07:47 - Error - Input/output error
2022.11.03: 02:07:47 - Error - Input/output error
2022.11.03: 02:07:47 - Error - Input/output error
2022.11.03: 02:07:47 - Error - Input/output error
2022.11.03: 02:07:48 - Error - Input/output error
2022.11.03: 02:07:48 - Error - Input/output error
2022.11.03: 02:07:48 - Error - Input/output error
2022.11.03: 02:07:48 - Error - Input/output error
2022.11.03: 02:07:48 - Error - Input/output error
2022.11.03: 02:07:48 - Error - Input/output error
2022.11.03: 02:07:48 - Event - Taking One SnapShot has finished
2022.11.03: 02:07:48 - Event - Start Bubble Sorting the linked list
2022.11.03: 02:07:48 - Event - Swap Process
2022.11.03: 02:07:48 - Event - End Bubble sorting the linked list
2022.11.03: 02:08:49 - Event - Start saving the SnapShots into a file
2022.11.03: 02:08:49 - Event - Saving the SnapShots into file has finished
2022.11.03: 02:08:59 - Event - Exit the program
2022.11.03: 02:11:16 - Event - Start taking Twenty SnapShots
2022.11.03: 02:11:16 - Event - Start taking One SnapShot
2022.11.03: 02:11:16 - Error - Unknown error
2022.11.03: 02:11:16 - Error - Input/output error
2022.11.03: 02:11:16 - Error - Input/output error
2022.11.03: 02:11:16 - Error - Input/output error
2022.11.03: 02:11:16 - Error - Input/output error
2022.11.03: 02:11:16 - Error - Input/output error
2022.11.03: 02:11:16 - Error - Input/output error
2022.11.03: 02:11:16 - Error - Input/output error
2022.11.03: 02:11:16 - Error - Input/output error
2022.11.03: 02:11:16 - Error - Input/output error
2022.11.03: 02:11:16 - Error - Input/output error
2022.11.03: 02:11:16 - Error - Input/output error
2022.11.03: 02:11:16 - Error - Input/output error
2022.11.03: 02:11:16 - Error - Input/output error
2022.11.03: 02:11:16 - Error - Input/output error
2022.11.03: 02:11:16 - Error - Input/output error
2022.11.03: 02:11:16 - Error - Input/output error
2022.11.03: 02:11:16 - Error - Input/output error
2022.11.03: 02:11:16 - Error - Input/output error
2022.11.03: 02:11:16 - Error - Input/output error
2022.11.03: 02:11:16 - Error - Input/output error
2022.11.03: 02:11:16 - Error - Input/output error
2022.11.03: 02:11:16 - Error - Input/output error
2022.11.03: 02:11:16 - Error - Input/output error
2022.11.03: 02:11:16 - Error - Input/output error
2022.11.03: 02:11:16 - Error - Input/output error
2022.11.03: 02:11:16 - Error - Input/output error
2022.11.03: 02:11:16 - Error - Input/output error
2022.11.03: 02:11:16 - Error - Input/output error
2022.11.03: 02:11:16 - Error - Input/output error
2022.11.03: 02:11:16 - Error - Input/output error
2022.11.03: 02:11:16 - Error - Input/output error
2022.11.03: 02:11:16 - Error - Input/output error
2022.11.03: 02:11:16 - Error - Input/output error
2022.11.03: 02:11:16 - Error - Input/output error
2022.11.03: 02:11:16 - Error - Input/output error
2022.11.03: 02:11:16 - Error - Input/output error
2022.11.03: 02:11:16 - Error - Input/output error
2022.11.03: 02:11:16 - Error - Input/output error
2022.11.03: 02:11:16 - Error - Input/output error
2022.11.03: 02:11:16 - Error - Input/output error
2022.11.03: 02:11:16 - Error - Input/output error
2022.11.03: 02:11:16 - Error - Input/output error
2022.11.03: 02:11:16 - Error - Input/output error
2022.11.03: 02:11:16 - Error - Input/output error
2022.11.03: 02:11:16 - Error - Input/output error
2022.11.03: 02:11:16 - Error - Input/output error
2022.11.03: 02:11:16 - Error - Input/output error
2022.11.03: 02:11:16 - Error - Input/output error
2022.11.03: 02:11:16 - Error - Input/output error
2022.11.03: 02:11:16 - Error - Input/output error
2022.11.03: 02:11:16 - Error - Input/output error
2022.11.03: 02:11:16 - Error - Input/output error
2022.11.03: 02:11:16 - Error - Input/output error
2022.11.03: 02:11:16 - Error - Input/output error
2022.11.03: 02:11:16 - Error - Input/output error
2022.11.03: 02:11:16 - Error - Input/output error
2022.11.03: 02:11:16 - Error - Input/output error
2022.11.03: 02:11:16 - Error - Input/output error
2022.11.03: 02:11:16 - Error - Input/output error
2022.11.03: 02:11:16 - Error - Input/output error
2022.11.03: 02:11:16 - Error - Input/output error
2022.11.03: 02:11:16 - Error - Input/output error
2022.11.03: 02:11:16 - Error - Input/output error
2022.11.03: 02:11:16 - Error - Input/output error
2022.11.03: 02:11:16 - Error - Input/output error
2022.11.03: 02:11:16 - Error - Input/output error
2022.11.03: 02:11:16 - Error - Input/output error
2022.11.03: 02:11:16 - Error - Input/output error
2022.11.03: 02:11:16 - Error - Input/output error
2022.11.03: 02:11:16 - Error - Input/output error
2022.11.03: 02:11:16 - Error - Input/output error
2022.11.03: 02:11:16 - Error - Input/output error
2022.11.03: 02:11:16 - Error - Input/output error
2022.11.03: 02:11:16 - Error - Input/output error
2022.11.03: 02:11:16 - Error - Input/output error
2022.11.03: 02:11:16 - Error - Input/output error
2022.11.03: 02:11:16 - Error - Input/output error
2022.11.03: 02:11:16 - Error - Input/output error
2022.11.03: 02:11:16 - Error - Input/output error
2022.11.03: 02:11:16 - Error - Input/output error
2022.11.03: 02:11:16 - Error - Input/output error
2022.11.03: 02:11:16 - Error - Input/output error
2022.11.03: 02:11:16 - Error - Input/output error
2022.11.03: 02:11:16 - Error - Input/output error
2022.11.03: 02:11:16 - Error - Input/output error
2022.11.03: 02:11:16 - Error - Input/output error
2022.11.03: 02:11:16 - Error - Input/output error
2022.11.03: 02:11:16 - Error - Input/output error
2022.11.03: 02:11:16 - Error - Input/output error
2022.11.03: 02:11:16 - Error - Input/output error
2022.11.03: 02:11:16 - Error - Input/output error
2022.11.03: 02:11:16 - Error - Input/output error
2022.11.03: 02:11:16 - Error - Input/output error
2022.11.03: 02:11:16 - Error - Input/output error
2022.11.03: 02:11:16 - Error - Input/output error
2022.11.03: 02:11:16 - Error - Input/output error
2022.11.03: 02:11:16 - Error - Input/output error
2022.11.03: 02:11:16 - Error - Input/output error
2022.11.03: 02:11:16 - Error - Input/output error
2022.11.03: 02:11:16 - Error - Input/output error
2022.11.03: 02:11:16 - Error - Input/output error
2022.11.03: 02:11:16 - Error - Input/output error
2022.11.03: 02:11:16 - Error - Input/output error
2022.11.03: 02:11:16 - Error - Input/output error
2022.11.03: 02:11:16 - Error - Input/output error
2022.11.03: 02:11:16 - Error - Input/output error
2022.11.03: 02:11:16 - Error - Input/output error
2022.11.03: 02:11:16 - Error - Input/output error
2022.11.03: 02:11:16 - Error - Input/output error
2022.11.03: 02:11:16 - Error - Input/output error
2022.11.03: 02:11:16 - Error - Input/output error
2022.11.03: 02:11:16 - Error - Input/output error
2022.11.03: 02:11:16 - Error - Input/output error
2022.11.03: 02:11:16 - Error - Input/output error
2022.11.03: 02:11:16 - Error - Input/output error
2022.11.03: 02:11:16 - Error - Input/output error
2022.11.03: 02:11:16 - Error - Input/output error
2022.11.03: 02:11:16 - Error - Input/output error
2022.11.03: 02:11:16 - Error - Input/output error
2022.11.03: 02:11:16 - Error - Input/output error
2022.11.03: 02:11:16 - Error - Input/output error
2022.11.03: 02:11:16 - Error - Input/output error
2022.11.03: 02:11:16 - Error - Input/output error
2022.11.03: 02:11:16 - Error - Input/output error
2022.11.03: 02:11:16 - Error - Input/output error
2022.11.03: 02:11:17 - Error - Input/output error
2022.11.03: 02:11:17 - Error - Input/output error
2022.11.03: 02:11:17 - Error - Input/output error
2022.11.03: 02:11:17 - Error - Input/output error
2022.11.03: 02:11:17 - Error - Input/output error
2022.11.03: 02:11:17 - Error - Input/output error
2022.11.03: 02:11:17 - Error - Input/output error
2022.11.03: 02:11:17 - Error - Input/output error
2022.11.03: 02:11:17 - Error - Input/output error
2022.11.03: 02:11:17 - Error - Input/output error
2022.11.03: 02:11:17 - Error - Input/output error
2022.11.03: 02:11:17 - Error - Input/output error
2022.11.03: 02:11:17 - Error - Input/output error
2022.11.03: 02:11:17 - Error - Input/output error
2022.11.03: 02:11:17 - Error - Input/output error
2022.11.03: 02:11:17 - Error - Input/output error
2022.11.03: 02:11:17 - Error - Input/output error
2022.11.03: 02:11:17 - Error - Input/output error
2022.11.03: 02:11:17 - Error - Input/output error
2022.11.03: 02:11:17 - Error - Input/output error
2022.11.03: 02:11:17 - Event - Taking One SnapShot has finished
2022.11.03: 02:11:18 - Event - Start taking One SnapShot
2022.11.03: 02:11:18 - Error - Unknown error
2022.11.03: 02:11:18 - Error - Input/output error
2022.11.03: 02:11:18 - Error - Input/output error
2022.11.03: 02:11:18 - Error - Input/output error
2022.11.03: 02:11:18 - Error - Input/output error
2022.11.03: 02:11:18 - Error - Input/output error
2022.11.03: 02:11:18 - Error - Input/output error
2022.11.03: 02:11:18 - Error - Input/output error
2022.11.03: 02:11:18 - Error - Input/output error
2022.11.03: 02:11:18 - Error - Input/output error
2022.11.03: 02:11:18 - Error - Input/output error
2022.11.03: 02:11:18 - Error - Input/output error
2022.11.03: 02:11:18 - Error - Input/output error
2022.11.03: 02:11:18 - Error - Input/output error
2022.11.03: 02:11:18 - Error - Input/output error
2022.11.03: 02:11:18 - Error - Input/output error
2022.11.03: 02:11:18 - Error - Input/output error
2022.11.03: 02:11:18 - Error - Input/output error
2022.11.03: 02:11:18 - Error - Input/output error
2022.11.03: 02:11:18 - Error - Input/output error
2022.11.03: 02:11:18 - Error - Input/output error
2022.11.03: 02:11:18 - Error - Input/output error
2022.11.03: 02:11:18 - Error - Input/output error
2022.11.03: 02:11:18 - Error - Input/output error
2022.11.03: 02:11:18 - Error - Input/output error
2022.11.03: 02:11:18 - Error - Input/output error
2022.11.03: 02:11:18 - Error - Input/output error
2022.11.03: 02:11:18 - Error - Input/output error
2022.11.03: 02:11:18 - Error - Input/output error
2022.11.03: 02:11:18 - Error - Input/output error
2022.11.03: 02:11:18 - Error - Input/output error
2022.11.03: 02:11:18 - Error - Input/output error
2022.11.03: 02:11:18 - Error - Input/output error
2022.11.03: 02:11:18 - Error - Input/output error
2022.11.03: 02:11:18 - Error - Input/output error
2022.11.03: 02:11:18 - Error - Input/output error
2022.11.03: 02:11:18 - Error - Input/output error
2022.11.03: 02:11:18 - Error - Input/output error
2022.11.03: 02:11:18 - Error - Input/output error
2022.11.03: 02:11:18 - Error - Input/output error
2022.11.03: 02:11:18 - Error - Input/output error
2022.11.03: 02:11:18 - Error - Input/output error
2022.11.03: 02:11:18 - Error - Input/output error
2022.11.03: 02:11:18 - Error - Input/output error
2022.11.03: 02:11:18 - Error - Input/output error
2022.11.03: 02:11:18 - Error - Input/output error
2022.11.03: 02:11:18 - Error - Input/output error
2022.11.03: 02:11:18 - Error - Input/output error
2022.11.03: 02:11:18 - Error - Input/output error
2022.11.03: 02:11:18 - Error - Input/output error
2022.11.03: 02:11:18 - Error - Input/output error
2022.11.03: 02:11:18 - Error - Input/output error
2022.11.03: 02:11:18 - Error - Input/output error
2022.11.03: 02:11:18 - Error - Input/output error
2022.11.03: 02:11:18 - Error - Input/output error
2022.11.03: 02:11:18 - Error - Input/output error
2022.11.03: 02:11:18 - Error - Input/output error
2022.11.03: 02:11:18 - Error - Input/output error
2022.11.03: 02:11:18 - Error - Input/output error
2022.11.03: 02:11:18 - Error - Input/output error
2022.11.03: 02:11:18 - Error - Input/output error
2022.11.03: 02:11:18 - Error - Input/output error
2022.11.03: 02:11:18 - Error - Input/output error
2022.11.03: 02:11:18 - Error - Input/output error
2022.11.03: 02:11:18 - Error - Input/output error
2022.11.03: 02:11:18 - Error - Input/output error
2022.11.03: 02:11:18 - Error - Input/output error
2022.11.03: 02:11:18 - Error - Input/output error
2022.11.03: 02:11:18 - Error - Input/output error
2022.11.03: 02:11:18 - Error - Input/output error
2022.11.03: 02:11:18 - Error - Input/output error
2022.11.03: 02:11:18 - Error - Input/output error
2022.11.03: 02:11:18 - Error - Input/output error
2022.11.03: 02:11:18 - Error - Input/output error
2022.11.03: 02:11:18 - Error - Input/output error
2022.11.03: 02:11:18 - Error - Input/output error
2022.11.03: 02:11:18 - Error - Input/output error
2022.11.03: 02:11:18 - Error - Input/output error
2022.11.03: 02:11:18 - Error - Input/output error
2022.11.03: 02:11:18 - Error - Input/output error
2022.11.03: 02:11:18 - Error - Input/output error
2022.11.03: 02:11:18 - Error - Input/output error
2022.11.03: 02:11:18 - Error - Input/output error
2022.11.03: 02:11:18 - Error - Input/output error
2022.11.03: 02:11:18 - Error - Input/output error
2022.11.03: 02:11:18 - Error - Input/output error
2022.11.03: 02:11:18 - Error - Input/output error
2022.11.03: 02:11:18 - Error - Input/output error
2022.11.03: 02:11:18 - Error - Input/output error
2022.11.03: 02:11:18 - Error - Input/output error
2022.11.03: 02:11:18 - Error - Input/output error
2022.11.03: 02:11:18 - Error - Input/output error
2022.11.03: 02:11:18 - Error - Input/output error
2022.11.03: 02:11:18 - Error - Input/output error
2022.11.03: 02:11:18 - Error - Input/output error
2022.11.03: 02:11:18 - Error - Input/output error
2022.11.03: 02:11:18 - Error - Input/output error
2022.11.03: 02:11:18 - Error - Input/output error
2022.11.03: 02:11:18 - Error - Input/output error
2022.11.03: 02:11:18 - Error - Input/output error
2022.11.03: 02:11:18 - Error - Input/output error
2022.11.03: 02:11:18 - Error - Input/output error
2022.11.03: 02:11:18 - Error - Input/output error
2022.11.03: 02:11:18 - Error - Input/output error
2022.11.03: 02:11:18 - Error - Input/output error
2022.11.03: 02:11:18 - Error - Input/output error
2022.11.03: 02:11:18 - Error - Input/output error
2022.11.03: 02:11:18 - Error - Input/output error
2022.11.03: 02:11:18 - Error - Input/output error
2022.11.03: 02:11:18 - Error - Input/output error
2022.11.03: 02:11:18 - Error - Input/output error
2022.11.03: 02:11:18 - Error - Input/output error
